# JRE version: OpenJDK Runtime Environment (11.0.12+7) (build 11.0.12+7-b1504.28-7817840)
# Java VM: OpenJDK 64-Bit Server VM (11.0.12+7-b1504.28-7817840, mixed mode, tiered, compressed oops, g1 gc, windows-amd64)
Heap:
 garbage-first heap   total 405504K, used 180929K [0x0000000080000000, 0x0000000100000000)
  region size 1024K, 83 young (84992K), 13 survivors (13312K)
 Metaspace       used 102288K, capacity 104977K, committed 105292K, reserved 1140736K
  class space    used 12990K, capacity 14030K, committed 14156K, reserved 1048576K
GC Heap History (20 events):
Event: 27.753 GC heap before
{Heap before GC invocations=54 (full 0):
 garbage-first heap   total 328704K, used 274502K [0x0000000080000000, 0x0000000100000000)
  region size 1024K, 183 young (187392K), 11 survivors (11264K)
 Metaspace       used 99498K, capacity 101913K, committed 102092K, reserved 1138688K
  class space    used 12703K, capacity 13629K, committed 13772K, reserved 1048576K
}
Event: 27.763 GC heap after
{Heap after GC invocations=55 (full 0):
 garbage-first heap   total 328704K, used 100119K [0x0000000080000000, 0x0000000100000000)
  region size 1024K, 12 young (12288K), 12 survivors (12288K)
 Metaspace       used 99498K, capacity 101913K, committed 102092K, reserved 1138688K
  class space    used 12703K, capacity 13629K, committed 13772K, reserved 1048576K
}
Event: 28.978 GC heap before
{Heap before GC invocations=55 (full 0):
 garbage-first heap   total 328704K, used 283415K [0x0000000080000000, 0x0000000100000000)
  region size 1024K, 189 young (193536K), 12 survivors (12288K)
 Metaspace       used 101502K, capacity 104065K, committed 104140K, reserved 1138688K
  class space    used 12941K, capacity 13955K, committed 14028K, reserved 1048576K
}
Event: 28.994 GC heap after
{Heap after GC invocations=56 (full 0):
 garbage-first heap   total 328704K, used 103366K [0x0000000080000000, 0x0000000100000000)
  region size 1024K, 15 young (15360K), 15 survivors (15360K)
 Metaspace       used 101502K, capacity 104065K, committed 104140K, reserved 1138688K
  class space    used 12941K, capacity 13955K, committed 14028K, reserved 1048576K
}
Event: 29.633 GC heap before
{Heap before GC invocations=56 (full 0):
 garbage-first heap   total 328704K, used 279494K [0x0000000080000000, 0x0000000100000000)
  region size 1024K, 187 young (191488K), 15 survivors (15360K)
 Metaspace       used 101972K, capacity 104647K, committed 105036K, reserved 1140736K
  class space    used 12976K, capacity 14019K, committed 14156K, reserved 1048576K
}
Event: 29.668 GC heap after
{Heap after GC invocations=57 (full 0):
 garbage-first heap   total 328704K, used 105826K [0x0000000080000000, 0x0000000100000000)
  region size 1024K, 15 young (15360K), 15 survivors (15360K)
 Metaspace       used 101972K, capacity 104647K, committed 105036K, reserved 1140736K
  class space    used 12976K, capacity 14019K, committed 14156K, reserved 1048576K
}
Event: 30.490 GC heap before
{Heap before GC invocations=57 (full 0):
 garbage-first heap   total 328704K, used 277858K [0x0000000080000000, 0x0000000100000000)
  region size 1024K, 184 young (188416K), 15 survivors (15360K)
 Metaspace       used 102044K, capacity 104652K, committed 105036K, reserved 1140736K
  class space    used 12980K, capacity 14019K, committed 14156K, reserved 1048576K
}
Event: 30.511 GC heap after
{Heap after GC invocations=58 (full 0):
 garbage-first heap   total 405504K, used 109835K [0x0000000080000000, 0x0000000100000000)
  region size 1024K, 15 young (15360K), 15 survivors (15360K)
 Metaspace       used 102044K, capacity 104652K, committed 105036K, reserved 1140736K
  class space    used 12980K, capacity 14019K, committed 14156K, reserved 1048576K
}
Event: 31.258 GC heap before
{Heap before GC invocations=58 (full 0):
 garbage-first heap   total 405504K, used 309515K [0x0000000080000000, 0x0000000100000000)
  region size 1024K, 209 young (214016K), 15 survivors (15360K)
 Metaspace       used 102110K, capacity 104736K, committed 105036K, reserved 1140736K
  class space    used 12982K, capacity 14022K, committed 14156K, reserved 1048576K
}
Event: 31.273 GC heap after
{Heap after GC invocations=59 (full 0):
 garbage-first heap   total 405504K, used 111092K [0x0000000080000000, 0x0000000100000000)
  region size 1024K, 14 young (14336K), 14 survivors (14336K)
 Metaspace       used 102110K, capacity 104736K, committed 105036K, reserved 1140736K
  class space    used 12982K, capacity 14022K, committed 14156K, reserved 1048576K
}
Event: 32.212 GC heap before
{Heap before GC invocations=59 (full 0):
 garbage-first heap   total 405504K, used 332276K [0x0000000080000000, 0x0000000100000000)
  region size 1024K, 230 young (235520K), 14 survivors (14336K)
 Metaspace       used 102193K, capacity 104875K, committed 105036K, reserved 1140736K
  class space    used 12985K, capacity 14022K, committed 14156K, reserved 1048576K
}
Event: 32.274 GC heap after
{Heap after GC invocations=60 (full 0):
 garbage-first heap   total 405504K, used 110580K [0x0000000080000000, 0x0000000100000000)
  region size 1024K, 15 young (15360K), 15 survivors (15360K)
 Metaspace       used 102193K, capacity 104875K, committed 105036K, reserved 1140736K
  class space    used 12985K, capacity 14022K, committed 14156K, reserved 1048576K
}
Event: 32.818 GC heap before
{Heap before GC invocations=60 (full 0):
 garbage-first heap   total 405504K, used 337908K [0x0000000080000000, 0x0000000100000000)
  region size 1024K, 237 young (242688K), 15 survivors (15360K)
 Metaspace       used 102205K, capacity 104877K, committed 105036K, reserved 1140736K
  class space    used 12985K, capacity 14022K, committed 14156K, reserved 1048576K
}
Event: 32.831 GC heap after
{Heap after GC invocations=61 (full 0):
 garbage-first heap   total 405504K, used 112116K [0x0000000080000000, 0x0000000100000000)
  region size 1024K, 16 young (16384K), 16 survivors (16384K)
 Metaspace       used 102205K, capacity 104877K, committed 105036K, reserved 1140736K
  class space    used 12985K, capacity 14022K, committed 14156K, reserved 1048576K
}
Event: 33.220 GC heap before
{Heap before GC invocations=61 (full 0):
 garbage-first heap   total 405504K, used 338420K [0x0000000080000000, 0x0000000100000000)
  region size 1024K, 237 young (242688K), 16 survivors (16384K)
 Metaspace       used 102226K, capacity 104877K, committed 105036K, reserved 1140736K
  class space    used 12985K, capacity 14022K, committed 14156K, reserved 1048576K
}
Event: 33.308 GC heap after
{Heap after GC invocations=62 (full 0):
 garbage-first heap   total 405504K, used 109342K [0x0000000080000000, 0x0000000100000000)
  region size 1024K, 12 young (12288K), 12 survivors (12288K)
 Metaspace       used 102226K, capacity 104877K, committed 105036K, reserved 1140736K
  class space    used 12985K, capacity 14022K, committed 14156K, reserved 1048576K
}
Event: 33.981 GC heap before
{Heap before GC invocations=62 (full 0):
 garbage-first heap   total 405504K, used 340766K [0x0000000080000000, 0x0000000100000000)
  region size 1024K, 237 young (242688K), 12 survivors (12288K)
 Metaspace       used 102248K, capacity 104904K, committed 105036K, reserved 1140736K
  class space    used 12988K, capacity 14028K, committed 14156K, reserved 1048576K
}
Event: 33.988 GC heap after
{Heap after GC invocations=63 (full 0):
 garbage-first heap   total 405504K, used 106782K [0x0000000080000000, 0x0000000100000000)
  region size 1024K, 10 young (10240K), 10 survivors (10240K)
 Metaspace       used 102248K, capacity 104904K, committed 105036K, reserved 1140736K
  class space    used 12988K, capacity 14028K, committed 14156K, reserved 1048576K
}
Event: 36.315 GC heap before
{Heap before GC invocations=63 (full 0):
 garbage-first heap   total 405504K, used 339230K [0x0000000080000000, 0x0000000100000000)
  region size 1024K, 237 young (242688K), 10 survivors (10240K)
 Metaspace       used 102279K, capacity 104971K, committed 105292K, reserved 1140736K
  class space    used 12989K, capacity 14028K, committed 14156K, reserved 1048576K
}
Event: 36.334 GC heap after
{Heap after GC invocations=64 (full 0):
 garbage-first heap   total 405504K, used 110273K [0x0000000080000000, 0x0000000100000000)
  region size 1024K, 13 young (13312K), 13 survivors (13312K)
 Metaspace       used 102279K, capacity 104971K, committed 105292K, reserved 1140736K
  class space    used 12989K, capacity 14028K, committed 14156K, reserved 1048576K
}

